
1월 05, 2023 19:27:23.440 NEW SESSION
1월 05, 2023 19:27:23.440 [7784:7848:0105/192723.438:ERROR:device_event_log_impl.cc(215)] [19:27:23.438] Bluetooth: bluetooth_adapter_winrt.cc:1074 Getting Default Adapter failed.
1월 05, 2023 19:27:23.444 [7784:7848:0105/192723.444:ERROR:device_event_log_impl.cc(215)] [19:27:23.445] USB: usb_service_win.cc:415 Could not read device interface GUIDs: 지정된 파일을 찾을 수 없습니다. (0x2)
1월 05, 2023 19:28:19.776 [7784:10608:0105/192819.768:ERROR:util.cc(133)] Can't create base directory: C:\Program Files\Google\GoogleUpdater

1월 11, 2023 19:46:09.393 NEW SESSION
1월 11, 2023 19:46:09.393 [7252:8056:0111/194609.392:ERROR:device_event_log_impl.cc(215)] [19:46:09.391] Bluetooth: bluetooth_adapter_winrt.cc:1074 Getting Default Adapter failed.
1월 11, 2023 19:46:09.393 [7252:8056:0111/194609.393:ERROR:device_event_log_impl.cc(215)] [19:46:09.393] USB: usb_service_win.cc:415 Could not read device interface GUIDs: 지정된 파일을 찾을 수 없습니다. (0x2)
1월 11, 2023 19:47:06.372 [7252:8596:0111/194706.372:ERROR:util.cc(133)] Can't create base directory: C:\Program Files\Google\GoogleUpdater
1월 11, 2023 20:03:01.860 [7252:8056:0111/200301.860:ERROR:CONSOLE(6)] "console.assert", source: devtools://devtools/bundled/devtools-frontend/front_end/panels/console/console.js (6)
1월 11, 2023 20:03:01.861 [7252:8056:0111/200301.860:ERROR:CONSOLE(6)] "console.assert", source: devtools://devtools/bundled/devtools-frontend/front_end/panels/console/console.js (6)
1월 11, 2023 20:03:01.861 [7252:8056:0111/200301.860:ERROR:CONSOLE(6)] "console.assert", source: devtools://devtools/bundled/devtools-frontend/front_end/panels/console/console.js (6)
1월 11, 2023 20:03:01.862 [7252:8056:0111/200301.860:ERROR:CONSOLE(6)] "console.assert", source: devtools://devtools/bundled/devtools-frontend/front_end/panels/console/console.js (6)
1월 11, 2023 20:03:01.862 [7252:8056:0111/200301.860:ERROR:CONSOLE(6)] "console.assert", source: devtools://devtools/bundled/devtools-frontend/front_end/panels/console/console.js (6)
1월 11, 2023 20:03:10.238 [7252:8056:0111/200310.238:ERROR:CONSOLE(6)] "console.assert", source: devtools://devtools/bundled/devtools-frontend/front_end/panels/console/console.js (6)
1월 11, 2023 20:03:10.238 [7252:8056:0111/200310.238:ERROR:CONSOLE(6)] "console.assert", source: devtools://devtools/bundled/devtools-frontend/front_end/panels/console/console.js (6)
1월 11, 2023 20:03:10.238 [7252:8056:0111/200310.238:ERROR:CONSOLE(6)] "console.assert", source: devtools://devtools/bundled/devtools-frontend/front_end/panels/console/console.js (6)
1월 11, 2023 20:03:10.238 [7252:8056:0111/200310.238:ERROR:CONSOLE(6)] "console.assert", source: devtools://devtools/bundled/devtools-frontend/front_end/panels/console/console.js (6)
1월 11, 2023 20:03:10.238 [7252:8056:0111/200310.238:ERROR:CONSOLE(6)] "console.assert", source: devtools://devtools/bundled/devtools-frontend/front_end/panels/console/console.js (6)
1월 11, 2023 20:03:10.238 [7252:8056:0111/200310.238:ERROR:CONSOLE(6)] "console.assert", source: devtools://devtools/bundled/devtools-frontend/front_end/panels/console/console.js (6)
1월 11, 2023 20:03:16.926 [7252:8056:0111/200316.925:ERROR:CONSOLE(6)] "console.assert", source: devtools://devtools/bundled/devtools-frontend/front_end/panels/console/console.js (6)
1월 11, 2023 20:03:16.926 [7252:8056:0111/200316.926:ERROR:CONSOLE(6)] "console.assert", source: devtools://devtools/bundled/devtools-frontend/front_end/panels/console/console.js (6)
1월 11, 2023 20:03:16.926 [7252:8056:0111/200316.926:ERROR:CONSOLE(6)] "console.assert", source: devtools://devtools/bundled/devtools-frontend/front_end/panels/console/console.js (6)
1월 11, 2023 20:03:16.926 [7252:8056:0111/200316.926:ERROR:CONSOLE(6)] "console.assert", source: devtools://devtools/bundled/devtools-frontend/front_end/panels/console/console.js (6)
1월 11, 2023 20:03:16.926 [7252:8056:0111/200316.926:ERROR:CONSOLE(6)] "console.assert", source: devtools://devtools/bundled/devtools-frontend/front_end/panels/console/console.js (6)
1월 11, 2023 20:03:16.926 [7252:8056:0111/200316.926:ERROR:CONSOLE(6)] "console.assert", source: devtools://devtools/bundled/devtools-frontend/front_end/panels/console/console.js (6)

1월 11, 2023 20:04:38.168 NEW SESSION
1월 11, 2023 20:04:38.168 [10924:1456:0111/200438.167:ERROR:device_event_log_impl.cc(215)] [20:04:38.168] Bluetooth: bluetooth_adapter_winrt.cc:1074 Getting Default Adapter failed.
1월 11, 2023 20:04:38.169 [10924:1456:0111/200438.169:ERROR:device_event_log_impl.cc(215)] [20:04:38.169] USB: usb_service_win.cc:415 Could not read device interface GUIDs: 지정된 파일을 찾을 수 없습니다. (0x2)
1월 11, 2023 20:05:35.149 [10924:11148:0111/200535.149:ERROR:util.cc(133)] Can't create base directory: C:\Program Files\Google\GoogleUpdater
1월 11, 2023 20:11:27.775 [10924:1456:0111/201127.775:ERROR:CONSOLE(6)] "console.assert", source: devtools://devtools/bundled/devtools-frontend/front_end/panels/console/console.js (6)
1월 11, 2023 20:11:27.778 [10924:1456:0111/201127.775:ERROR:CONSOLE(6)] "console.assert", source: devtools://devtools/bundled/devtools-frontend/front_end/panels/console/console.js (6)
1월 11, 2023 20:11:27.778 [10924:1456:0111/201127.775:ERROR:CONSOLE(6)] "console.assert", source: devtools://devtools/bundled/devtools-frontend/front_end/panels/console/console.js (6)
1월 11, 2023 20:11:27.779 [10924:1456:0111/201127.775:ERROR:CONSOLE(6)] "console.assert", source: devtools://devtools/bundled/devtools-frontend/front_end/panels/console/console.js (6)
1월 11, 2023 20:11:27.780 [10924:1456:0111/201127.775:ERROR:CONSOLE(6)] "console.assert", source: devtools://devtools/bundled/devtools-frontend/front_end/panels/console/console.js (6)
1월 11, 2023 20:11:28.26 [10924:1456:0111/201128.026:ERROR:CONSOLE(6)] "console.assert", source: devtools://devtools/bundled/devtools-frontend/front_end/panels/console/console.js (6)
1월 11, 2023 20:11:28.26 [10924:1456:0111/201128.026:ERROR:CONSOLE(6)] "console.assert", source: devtools://devtools/bundled/devtools-frontend/front_end/panels/console/console.js (6)
1월 11, 2023 20:11:28.26 [10924:1456:0111/201128.026:ERROR:CONSOLE(6)] "console.assert", source: devtools://devtools/bundled/devtools-frontend/front_end/panels/console/console.js (6)
1월 11, 2023 20:11:28.26 [10924:1456:0111/201128.026:ERROR:CONSOLE(6)] "console.assert", source: devtools://devtools/bundled/devtools-frontend/front_end/panels/console/console.js (6)
1월 11, 2023 20:11:28.26 [10924:1456:0111/201128.026:ERROR:CONSOLE(6)] "console.assert", source: devtools://devtools/bundled/devtools-frontend/front_end/panels/console/console.js (6)
1월 11, 2023 20:11:28.26 [10924:1456:0111/201128.026:ERROR:CONSOLE(6)] "console.assert", source: devtools://devtools/bundled/devtools-frontend/front_end/panels/console/console.js (6)
1월 11, 2023 20:11:28.303 [10924:1456:0111/201128.302:ERROR:CONSOLE(6)] "console.assert", source: devtools://devtools/bundled/devtools-frontend/front_end/panels/console/console.js (6)
1월 11, 2023 20:11:28.303 [10924:1456:0111/201128.303:ERROR:CONSOLE(6)] "console.assert", source: devtools://devtools/bundled/devtools-frontend/front_end/panels/console/console.js (6)
1월 11, 2023 20:11:28.303 [10924:1456:0111/201128.303:ERROR:CONSOLE(6)] "console.assert", source: devtools://devtools/bundled/devtools-frontend/front_end/panels/console/console.js (6)
1월 11, 2023 20:11:28.303 [10924:1456:0111/201128.303:ERROR:CONSOLE(6)] "console.assert", source: devtools://devtools/bundled/devtools-frontend/front_end/panels/console/console.js (6)
1월 11, 2023 20:11:28.303 [10924:1456:0111/201128.303:ERROR:CONSOLE(6)] "console.assert", source: devtools://devtools/bundled/devtools-frontend/front_end/panels/console/console.js (6)
1월 11, 2023 20:11:28.303 [10924:1456:0111/201128.303:ERROR:CONSOLE(6)] "console.assert", source: devtools://devtools/bundled/devtools-frontend/front_end/panels/console/console.js (6)
1월 11, 2023 20:11:28.303 [10924:1456:0111/201128.303:ERROR:CONSOLE(6)] "console.assert", source: devtools://devtools/bundled/devtools-frontend/front_end/panels/console/console.js (6)
1월 11, 2023 20:11:28.528 [10924:1456:0111/201128.528:ERROR:CONSOLE(6)] "console.assert", source: devtools://devtools/bundled/devtools-frontend/front_end/panels/console/console.js (6)
1월 11, 2023 20:11:28.528 [10924:1456:0111/201128.528:ERROR:CONSOLE(6)] "console.assert", source: devtools://devtools/bundled/devtools-frontend/front_end/panels/console/console.js (6)
1월 11, 2023 20:11:28.528 [10924:1456:0111/201128.528:ERROR:CONSOLE(6)] "console.assert", source: devtools://devtools/bundled/devtools-frontend/front_end/panels/console/console.js (6)
1월 11, 2023 20:11:28.528 [10924:1456:0111/201128.528:ERROR:CONSOLE(6)] "console.assert", source: devtools://devtools/bundled/devtools-frontend/front_end/panels/console/console.js (6)
1월 11, 2023 20:11:28.528 [10924:1456:0111/201128.528:ERROR:CONSOLE(6)] "console.assert", source: devtools://devtools/bundled/devtools-frontend/front_end/panels/console/console.js (6)
1월 11, 2023 20:11:28.528 [10924:1456:0111/201128.528:ERROR:CONSOLE(6)] "console.assert", source: devtools://devtools/bundled/devtools-frontend/front_end/panels/console/console.js (6)
1월 11, 2023 20:11:28.528 [10924:1456:0111/201128.528:ERROR:CONSOLE(6)] "console.assert", source: devtools://devtools/bundled/devtools-frontend/front_end/panels/console/console.js (6)
1월 11, 2023 20:11:28.528 [10924:1456:0111/201128.528:ERROR:CONSOLE(6)] "console.assert", source: devtools://devtools/bundled/devtools-frontend/front_end/panels/console/console.js (6)
1월 11, 2023 20:11:28.825 [10924:1456:0111/201128.825:ERROR:CONSOLE(6)] "console.assert", source: devtools://devtools/bundled/devtools-frontend/front_end/panels/console/console.js (6)
1월 11, 2023 20:11:28.826 [10924:1456:0111/201128.825:ERROR:CONSOLE(6)] "console.assert", source: devtools://devtools/bundled/devtools-frontend/front_end/panels/console/console.js (6)
1월 11, 2023 20:11:28.826 [10924:1456:0111/201128.825:ERROR:CONSOLE(6)] "console.assert", source: devtools://devtools/bundled/devtools-frontend/front_end/panels/console/console.js (6)
1월 11, 2023 20:11:28.826 [10924:1456:0111/201128.825:ERROR:CONSOLE(6)] "console.assert", source: devtools://devtools/bundled/devtools-frontend/front_end/panels/console/console.js (6)
1월 11, 2023 20:11:28.826 [10924:1456:0111/201128.825:ERROR:CONSOLE(6)] "console.assert", source: devtools://devtools/bundled/devtools-frontend/front_end/panels/console/console.js (6)
1월 11, 2023 20:11:28.826 [10924:1456:0111/201128.825:ERROR:CONSOLE(6)] "console.assert", source: devtools://devtools/bundled/devtools-frontend/front_end/panels/console/console.js (6)
1월 11, 2023 20:11:28.827 [10924:1456:0111/201128.825:ERROR:CONSOLE(6)] "console.assert", source: devtools://devtools/bundled/devtools-frontend/front_end/panels/console/console.js (6)
1월 11, 2023 20:11:28.827 [10924:1456:0111/201128.825:ERROR:CONSOLE(6)] "console.assert", source: devtools://devtools/bundled/devtools-frontend/front_end/panels/console/console.js (6)
1월 11, 2023 20:11:28.828 [10924:1456:0111/201128.825:ERROR:CONSOLE(6)] "console.assert", source: devtools://devtools/bundled/devtools-frontend/front_end/panels/console/console.js (6)
1월 11, 2023 20:11:30.361 [10924:1456:0111/201130.361:ERROR:CONSOLE(6)] "console.assert", source: devtools://devtools/bundled/devtools-frontend/front_end/panels/console/console.js (6)
1월 11, 2023 20:11:30.362 [10924:1456:0111/201130.361:ERROR:CONSOLE(6)] "console.assert", source: devtools://devtools/bundled/devtools-frontend/front_end/panels/console/console.js (6)
1월 11, 2023 20:11:30.362 [10924:1456:0111/201130.361:ERROR:CONSOLE(6)] "console.assert", source: devtools://devtools/bundled/devtools-frontend/front_end/panels/console/console.js (6)
1월 11, 2023 20:11:30.363 [10924:1456:0111/201130.361:ERROR:CONSOLE(6)] "console.assert", source: devtools://devtools/bundled/devtools-frontend/front_end/panels/console/console.js (6)
1월 11, 2023 20:11:30.363 [10924:1456:0111/201130.361:ERROR:CONSOLE(6)] "console.assert", source: devtools://devtools/bundled/devtools-frontend/front_end/panels/console/console.js (6)
1월 11, 2023 20:11:30.364 [10924:1456:0111/201130.361:ERROR:CONSOLE(6)] "console.assert", source: devtools://devtools/bundled/devtools-frontend/front_end/panels/console/console.js (6)
1월 11, 2023 20:11:30.364 [10924:1456:0111/201130.361:ERROR:CONSOLE(6)] "console.assert", source: devtools://devtools/bundled/devtools-frontend/front_end/panels/console/console.js (6)
1월 11, 2023 20:11:30.364 [10924:1456:0111/201130.361:ERROR:CONSOLE(6)] "console.assert", source: devtools://devtools/bundled/devtools-frontend/front_end/panels/console/console.js (6)
1월 11, 2023 20:11:30.365 [10924:1456:0111/201130.361:ERROR:CONSOLE(6)] "console.assert", source: devtools://devtools/bundled/devtools-frontend/front_end/panels/console/console.js (6)
1월 11, 2023 20:11:30.365 [10924:1456:0111/201130.361:ERROR:CONSOLE(6)] "console.assert", source: devtools://devtools/bundled/devtools-frontend/front_end/panels/console/console.js (6)
1월 11, 2023 20:11:30.630 [10924:1456:0111/201130.630:ERROR:CONSOLE(6)] "console.assert", source: devtools://devtools/bundled/devtools-frontend/front_end/panels/console/console.js (6)
1월 11, 2023 20:11:30.631 [10924:1456:0111/201130.630:ERROR:CONSOLE(6)] "console.assert", source: devtools://devtools/bundled/devtools-frontend/front_end/panels/console/console.js (6)
1월 11, 2023 20:11:30.631 [10924:1456:0111/201130.630:ERROR:CONSOLE(6)] "console.assert", source: devtools://devtools/bundled/devtools-frontend/front_end/panels/console/console.js (6)
1월 11, 2023 20:11:30.631 [10924:1456:0111/201130.630:ERROR:CONSOLE(6)] "console.assert", source: devtools://devtools/bundled/devtools-frontend/front_end/panels/console/console.js (6)
1월 11, 2023 20:11:30.631 [10924:1456:0111/201130.630:ERROR:CONSOLE(6)] "console.assert", source: devtools://devtools/bundled/devtools-frontend/front_end/panels/console/console.js (6)
1월 11, 2023 20:11:30.631 [10924:1456:0111/201130.630:ERROR:CONSOLE(6)] "console.assert", source: devtools://devtools/bundled/devtools-frontend/front_end/panels/console/console.js (6)
1월 11, 2023 20:11:30.632 [10924:1456:0111/201130.630:ERROR:CONSOLE(6)] "console.assert", source: devtools://devtools/bundled/devtools-frontend/front_end/panels/console/console.js (6)
1월 11, 2023 20:11:30.632 [10924:1456:0111/201130.630:ERROR:CONSOLE(6)] "console.assert", source: devtools://devtools/bundled/devtools-frontend/front_end/panels/console/console.js (6)
1월 11, 2023 20:11:30.632 [10924:1456:0111/201130.630:ERROR:CONSOLE(6)] "console.assert", source: devtools://devtools/bundled/devtools-frontend/front_end/panels/console/console.js (6)
1월 11, 2023 20:11:30.632 [10924:1456:0111/201130.630:ERROR:CONSOLE(6)] "console.assert", source: devtools://devtools/bundled/devtools-frontend/front_end/panels/console/console.js (6)
1월 11, 2023 20:11:30.632 [10924:1456:0111/201130.630:ERROR:CONSOLE(6)] "console.assert", source: devtools://devtools/bundled/devtools-frontend/front_end/panels/console/console.js (6)
1월 11, 2023 20:11:30.896 [10924:1456:0111/201130.896:ERROR:CONSOLE(6)] "console.assert", source: devtools://devtools/bundled/devtools-frontend/front_end/panels/console/console.js (6)
1월 11, 2023 20:11:30.896 [10924:1456:0111/201130.896:ERROR:CONSOLE(6)] "console.assert", source: devtools://devtools/bundled/devtools-frontend/front_end/panels/console/console.js (6)
1월 11, 2023 20:11:30.896 [10924:1456:0111/201130.896:ERROR:CONSOLE(6)] "console.assert", source: devtools://devtools/bundled/devtools-frontend/front_end/panels/console/console.js (6)
1월 11, 2023 20:11:30.896 [10924:1456:0111/201130.896:ERROR:CONSOLE(6)] "console.assert", source: devtools://devtools/bundled/devtools-frontend/front_end/panels/console/console.js (6)
1월 11, 2023 20:11:30.896 [10924:1456:0111/201130.896:ERROR:CONSOLE(6)] "console.assert", source: devtools://devtools/bundled/devtools-frontend/front_end/panels/console/console.js (6)
1월 11, 2023 20:11:30.897 [10924:1456:0111/201130.896:ERROR:CONSOLE(6)] "console.assert", source: devtools://devtools/bundled/devtools-frontend/front_end/panels/console/console.js (6)
1월 11, 2023 20:11:30.897 [10924:1456:0111/201130.896:ERROR:CONSOLE(6)] "console.assert", source: devtools://devtools/bundled/devtools-frontend/front_end/panels/console/console.js (6)
1월 11, 2023 20:11:30.897 [10924:1456:0111/201130.896:ERROR:CONSOLE(6)] "console.assert", source: devtools://devtools/bundled/devtools-frontend/front_end/panels/console/console.js (6)
1월 11, 2023 20:11:30.897 [10924:1456:0111/201130.896:ERROR:CONSOLE(6)] "console.assert", source: devtools://devtools/bundled/devtools-frontend/front_end/panels/console/console.js (6)
1월 11, 2023 20:11:30.897 [10924:1456:0111/201130.896:ERROR:CONSOLE(6)] "console.assert", source: devtools://devtools/bundled/devtools-frontend/front_end/panels/console/console.js (6)
1월 11, 2023 20:11:30.897 [10924:1456:0111/201130.896:ERROR:CONSOLE(6)] "console.assert", source: devtools://devtools/bundled/devtools-frontend/front_end/panels/console/console.js (6)
1월 11, 2023 20:11:30.897 [10924:1456:0111/201130.896:ERROR:CONSOLE(6)] "console.assert", source: devtools://devtools/bundled/devtools-frontend/front_end/panels/console/console.js (6)
1월 11, 2023 20:11:31.244 [10924:1456:0111/201131.243:ERROR:CONSOLE(6)] "console.assert", source: devtools://devtools/bundled/devtools-frontend/front_end/panels/console/console.js (6)
1월 11, 2023 20:11:31.245 [10924:1456:0111/201131.244:ERROR:CONSOLE(6)] "console.assert", source: devtools://devtools/bundled/devtools-frontend/front_end/panels/console/console.js (6)
1월 11, 2023 20:11:31.245 [10924:1456:0111/201131.244:ERROR:CONSOLE(6)] "console.assert", source: devtools://devtools/bundled/devtools-frontend/front_end/panels/console/console.js (6)
1월 11, 2023 20:11:31.245 [10924:1456:0111/201131.244:ERROR:CONSOLE(6)] "console.assert", source: devtools://devtools/bundled/devtools-frontend/front_end/panels/console/console.js (6)
1월 11, 2023 20:11:31.245 [10924:1456:0111/201131.244:ERROR:CONSOLE(6)] "console.assert", source: devtools://devtools/bundled/devtools-frontend/front_end/panels/console/console.js (6)
1월 11, 2023 20:11:31.246 [10924:1456:0111/201131.244:ERROR:CONSOLE(6)] "console.assert", source: devtools://devtools/bundled/devtools-frontend/front_end/panels/console/console.js (6)
1월 11, 2023 20:11:31.246 [10924:1456:0111/201131.244:ERROR:CONSOLE(6)] "console.assert", source: devtools://devtools/bundled/devtools-frontend/front_end/panels/console/console.js (6)
1월 11, 2023 20:11:31.246 [10924:1456:0111/201131.244:ERROR:CONSOLE(6)] "console.assert", source: devtools://devtools/bundled/devtools-frontend/front_end/panels/console/console.js (6)
1월 11, 2023 20:11:31.246 [10924:1456:0111/201131.244:ERROR:CONSOLE(6)] "console.assert", source: devtools://devtools/bundled/devtools-frontend/front_end/panels/console/console.js (6)
1월 11, 2023 20:11:31.246 [10924:1456:0111/201131.244:ERROR:CONSOLE(6)] "console.assert", source: devtools://devtools/bundled/devtools-frontend/front_end/panels/console/console.js (6)
1월 11, 2023 20:11:31.246 [10924:1456:0111/201131.244:ERROR:CONSOLE(6)] "console.assert", source: devtools://devtools/bundled/devtools-frontend/front_end/panels/console/console.js (6)
1월 11, 2023 20:11:31.246 [10924:1456:0111/201131.244:ERROR:CONSOLE(6)] "console.assert", source: devtools://devtools/bundled/devtools-frontend/front_end/panels/console/console.js (6)
1월 11, 2023 20:11:31.247 [10924:1456:0111/201131.244:ERROR:CONSOLE(6)] "console.assert", source: devtools://devtools/bundled/devtools-frontend/front_end/panels/console/console.js (6)
1월 11, 2023 20:12:48.60 [8356:12340:0111/201248.059:ERROR:device_event_log_impl.cc(215)] [20:12:48.060] Bluetooth: bluetooth_adapter_winrt.cc:1074 Getting Default Adapter failed.
1월 11, 2023 20:12:48.61 [8356:12340:0111/201248.061:ERROR:device_event_log_impl.cc(215)] [20:12:48.061] USB: usb_service_win.cc:415 Could not read device interface GUIDs: 지정된 파일을 찾을 수 없습니다. (0x2)
1월 11, 2023 20:13:44.47 [8356:9772:0111/201344.047:ERROR:util.cc(133)] Can't create base directory: C:\Program Files\Google\GoogleUpdater
